<?xml version="1.0" encoding="UTF-8"?>
<testng-results ignored="0" total="1" passed="1" failed="0" skipped="0">
  <reporter-output>
  </reporter-output>
  <suite started-at="2022-10-13T23:17:06 IST" name="Default suite" finished-at="2022-10-13T23:17:08 IST" duration-ms="1741">
    <groups>
    </groups>
    <test started-at="2022-10-13T23:17:06 IST" name="Default test" finished-at="2022-10-13T23:17:08 IST" duration-ms="1741">
      <class name="Test_Post">
        <test-method signature="Test_Post()[pri:0, instance:Test_Post@63a12c68]" started-at="2022-10-13T23:17:06 IST" name="Test_Post" finished-at="2022-10-13T23:17:08 IST" duration-ms="1691" status="PASS">
          <reporter-output>
          </reporter-output>
        </test-method> <!-- Test_Post -->
      </class> <!-- Test_Post -->
    </test> <!-- Default test -->
  </suite> <!-- Default suite -->
</testng-results>
