<?xml version="1.0" encoding="UTF-8"?>
<!-- Generated by org.testng.reporters.JUnitXMLReporter -->
<testsuite ignored="0" hostname="DESKTOP-F1M7V7C" failures="1" tests="1" name="Test" time="36.304" errors="0" timestamp="2022-08-21T12:57:49 IST">
  <testcase classname="Utilities.BaseClass" name="@AfterMethod teardownMethod" time="15.997">
    <failure type="java.lang.IllegalArgumentException" message="ScreenCapture path must not be null or empty">
      <![CDATA[java.lang.IllegalArgumentException: ScreenCapture path must not be null or empty
at com.aventstack.extentreports.util.Assert.notEmpty(Assert.java:12)
at com.aventstack.extentreports.MediaEntityBuilder.createScreenCaptureFromPath(MediaEntityBuilder.java:34)
at com.aventstack.extentreports.MediaEntityBuilder.createScreenCaptureFromPath(MediaEntityBuilder.java:40)
at Utilities.BaseClass.teardownMethod(BaseClass.java:50)
at java.base/java.util.ArrayList.forEach(ArrayList.java:1511)
... Removed 32 stack frames]]>
    </failure>
  </testcase> <!-- @AfterMethod teardownMethod -->
  <testcase classname="TestCases.NavigateToWebPage" name="navigate" time="0.041">
    <failure type="java.lang.NullPointerException" message="Cannot invoke &amp;quot;Utilities.ExcelDataProvider.getStringData(String, int, int)&amp;quot; because &amp;quot;this.excel&amp;quot; is null">
      <![CDATA[java.lang.NullPointerException: Cannot invoke "Utilities.ExcelDataProvider.getStringData(String, int, int)" because "this.excel" is null
at TestCases.NavigateToWebPage.navigate(NavigateToWebPage.java:29)
at java.base/java.util.ArrayList.forEach(ArrayList.java:1511)
... Removed 27 stack frames]]>
    </failure>
  </testcase> <!-- navigate -->
</testsuite> <!-- Test -->
