<?xml version="1.0" encoding="UTF-8"?>
<testng-results ignored="0" total="1" passed="1" failed="0" skipped="0">
  <reporter-output>
  </reporter-output>
  <suite started-at="2022-08-28T13:37:20 IST" name="Suite" finished-at="2022-08-28T13:37:39 IST" duration-ms="18540">
    <groups>
    </groups>
    <test started-at="2022-08-28T13:37:20 IST" name="Test" finished-at="2022-08-28T13:37:39 IST" duration-ms="18540">
      <class name="com.saucedemo.testcases.logintestsourcedemo">
        <test-method is-config="true" signature="setupsuite()[pri:0, instance:com.saucedemo.testcases.logintestsourcedemo@5afa3c9]" started-at="2022-08-28T13:37:19 IST" name="setupsuite" finished-at="2022-08-28T13:37:20 IST" duration-ms="675" status="PASS">
          <reporter-output>
          </reporter-output>
        </test-method> <!-- setupsuite -->
        <test-method is-config="true" signature="setupbrowser()[pri:0, instance:com.saucedemo.testcases.logintestsourcedemo@5afa3c9]" started-at="2022-08-28T13:37:20 IST" name="setupbrowser" finished-at="2022-08-28T13:37:28 IST" duration-ms="7785" status="PASS">
          <reporter-output>
          </reporter-output>
        </test-method> <!-- setupbrowser -->
        <test-method signature="loginapp()[pri:0, instance:com.saucedemo.testcases.logintestsourcedemo@5afa3c9]" started-at="2022-08-28T13:37:28 IST" name="loginapp" finished-at="2022-08-28T13:37:38 IST" duration-ms="10388" status="PASS">
          <reporter-output>
          </reporter-output>
        </test-method> <!-- loginapp -->
        <test-method is-config="true" signature="teardownmethod(org.testng.ITestResult)[pri:0, instance:com.saucedemo.testcases.logintestsourcedemo@5afa3c9]" started-at="2022-08-28T13:37:38 IST" name="teardownmethod" finished-at="2022-08-28T13:37:38 IST" duration-ms="3" status="PASS">
          <params>
            <param index="0">
              <value>
                <![CDATA[[TestResult name=loginapp status=SUCCESS method=logintestsourcedemo.loginapp()[pri:0, instance:com.saucedemo.testcases.logintestsourcedemo@5afa3c9] output={null}]]]>
              </value>
            </param>
          </params>
          <reporter-output>
          </reporter-output>
        </test-method> <!-- teardownmethod -->
        <test-method is-config="true" signature="teardown()[pri:0, instance:com.saucedemo.testcases.logintestsourcedemo@5afa3c9]" started-at="2022-08-28T13:37:38 IST" name="teardown" finished-at="2022-08-28T13:37:39 IST" duration-ms="322" status="PASS">
          <reporter-output>
          </reporter-output>
        </test-method> <!-- teardown -->
      </class> <!-- com.saucedemo.testcases.logintestsourcedemo -->
    </test> <!-- Test -->
  </suite> <!-- Suite -->
</testng-results>
